Exporter version: 3.3.1, Blender version: 3.3.1
========= Conversion from Blender to Babylon.js =========
	Scene settings used :
		Inline textures     :  false
		Material Type       :  PBR
		Positions Precision :  4
		Normals Precision   :  3
		UVs Precision       :  3
		Vert Color Precision:  3
		Mat Weight Precision:  2
		Keep Z-up r-handed  :  no
		Texture directory   :  C:\Users\David.Fenkhuber\Desktop\astheimerTests\
	Python World class constructor completed
	WARNING: No active camera has been assigned, or is not in a currently enabled collection
	processing begun of mesh:  small
		WARNING: No materials have been assigned: 
		Custom split normals with tangents being used
		num positions      :  1805
		num normals        :  1805
		num tangents       :  7220
		num uvs            :  3610
		num uvs2           :  0
		num colors         :  0
		num triangles      :  818
	processing begun of mesh:  big
		WARNING: No materials have been assigned: 
		Custom split normals with tangents being used
		num positions      :  1434
		num normals        :  1434
		num tangents       :  5736
		num uvs            :  2868
		num uvs2           :  0
		num colors         :  0
		num triangles      :  818
	processing begun of node:  stone
========= Writing of JSON file started =========
	writing mesh:  small
	writing mesh:  big
========= Writing of JSON file completed =========
========= end of processing =========
elapsed time:  0 min, 0.1245 secs
